[[4, 6, 3, 6, 2, 5, 4, 6], [0, 3, 0, 3, 1, 4, 1, 3], [2, 5, 4, 6, 0, 5, 3, 6], [0, 5, 0, 6, 3, 5, 0, 4], [0, 4, 2, 4, 2, 5, 2, 6], [0, 3, 1, 6, 0, 4, 2, 5], [0, 5, 1, 4, 1, 3, 1, 6], [1, 4, 3, 6, 2, 6, 0, 5], [1, 3, 0, 4, 1, 4, 0, 5], [4, 6, 3, 4, 2, 6, 1, 6], [0, 4, 0, 6, 3, 6, 1, 6], [3, 6, 3, 4, 4, 6, 1, 6], [2, 6, 3, 3, 0, 5, 2, 5], [0, 6, 2, 3, 2, 3, 0, 6], [3, 4, 4, 6, 1, 5, 3, 6], [3, 4, 2, 4, 3, 6, 1, 4], [1, 3, 0, 5, 1, 3, 0, 6], [3, 4, 1, 4, 1, 6, 0, 4], [0, 5, 1, 6, 3, 6, 2, 6], [0, 6, 2, 4, 2, 3, 1, 6], [0, 6, 1, 4, 1, 5, 1, 4], [1, 4, 1, 3, 0, 5, 1, 3], [2, 6, 2, 5, 1, 4, 1, 6], [0, 4, 2, 5, 1, 5, 4, 5], [2, 5, 1, 4, 3, 6, 0, 5], [3, 6, 3, 4, 0, 6, 4, 5], [0, 6, 3, 6, 4, 5, 3, 5], [0, 5, 3, 5, 4, 4, 3, 6], [2, 5, 2, 6, 2, 5, 3, 6], [3, 5, 0, 6, 1, 5, 1, 5], [4, 4, 0, 4, 0, 5, 3, 5], [2, 4, 3, 6, 1, 5, 1, 4], [2, 6, 4, 6, 4, 6, 4, 5], [1, 4, 2, 4, 1, 6, 2, 3], [0, 5, 1, 6, 0, 3, 0, 4], [4, 4, 1, 6, 0, 6, 0, 6], [2, 6, 0, 5, 1, 5, 1, 6], [0, 3, 1, 6, 0, 6, 0, 4], [4, 4, 4, 5, 2, 6, 0, 6], [2, 4, 2, 6, 4, 4, 3, 6], [1, 4, 3, 6, 3, 5, 3, 5], [2, 5, 1, 5, 2, 3, 0, 5], [0, 4, 1, 4, 2, 6, 0, 3], [2, 3, 0, 4, 1, 5, 1, 3], [2, 4, 1, 4, 4, 5, 0, 5], [3, 6, 3, 5, 2, 5, 1, 5], [2, 3, 1, 3, 2, 3, 0, 3], [0, 6, 0, 6, 0, 5, 2, 4], [1, 6, 3, 6, 1, 4, 3, 6], [1, 6, 1, 3, 2, 3, 0, 3]]
$$$$$$$$$$$
XU LINYI 6:30-8:50 150 18:40-20:00 160
LIU CHONGQING 11:40-13:10 630 18:20-19:50 730
ZHU SHANGHAI 9:40-10:55 880 13:30-14:50 830
WANG QINGDAO 6:00-7:50 220 13:00-14:50 230
$$$$$$$$$$$
XU LINYI 13:50-15:30 170 18:40-20:00 160
LIU CHONGQING 11:40-13:10 630 18:20-19:50 730
ZHU SHANGHAI 9:40-10:55 880 17:00-18:10 920
WANG QINGDAO 6:00-7:50 220 13:00-14:50 230
$$$$$$$$$$$
XU LINYI 6:30-8:50 150 18:40-20:00 160
LIU CHONGQING 11:40-13:10 630 18:20-19:50 730
ZHU SHANGHAI 14:00-15:10 930 17:00-18:10 920
WANG QINGDAO 6:00-7:50 220 13:00-14:50 230
###########
XU LINYI 8:10-10:30 160 8:50-10:55 170
LIU CHONGQING 6:10-7:50 620 17:00-18:50 620
ZHU SHANGHAI 8:30-9:50 860 13:30-14:50 830
WANG QINGDAO 6:00-7:50 220 18:20-19:50 260
$$$$$$$$$$$
XU LINYI 12:00-13:50 230 18:40-20:00 160
LIU CHONGQING 11:40-13:10 630 17:00-18:50 620
ZHU SHANGHAI 9:40-10:55 880 17:00-18:10 920
WANG QINGDAO 6:00-7:50 220 13:00-14:50 230
###########
XU LINYI 12:00-13:50 230 12:00-14:50 130
LIU CHONGQING 6:10-7:50 620 15:40-17:10 720
ZHU SHANGHAI 8:30-9:50 860 17:00-18:10 920
WANG QINGDAO 8:00-9:30 260 13:00-14:50 230
$$$$$$$$$$$
XU LINYI 8:10-10:30 160 15:50-17:30 170
LIU CHONGQING 11:40-13:10 630 18:20-19:50 730
ZHU SHANGHAI 9:40-10:55 880 13:30-14:50 830
WANG QINGDAO 6:00-7:50 220 13:00-14:50 230
$$$$$$$$$$$
XU LINYI 12:00-13:50 230 18:40-20:00 160
LIU CHONGQING 11:40-13:10 630 17:00-18:50 620
ZHU SHANGHAI 9:40-10:55 880 13:30-14:50 830
WANG QINGDAO 6:00-7:50 220 13:00-14:50 230
$$$$$$$$$$$
XU LINYI 8:10-10:30 160 15:50-17:30 170
LIU CHONGQING 11:40-13:10 630 18:20-19:50 730
ZHU SHANGHAI 12:40-13:40 1030 13:30-14:50 830
WANG QINGDAO 6:00-7:50 220 13:00-14:50 230
$$$$$$$$$$$
XU LINYI 8:10-10:30 160 15:50-17:30 170
LIU CHONGQING 11:40-13:10 630 18:20-19:50 730
ZHU SHANGHAI 12:40-13:40 1030 13:30-14:50 830
WANG QINGDAO 6:00-7:50 220 13:00-14:50 230
$$$$$$$$$$$
XU LINYI 8:10-10:30 160 15:50-17:30 170
LIU CHONGQING 11:40-13:10 630 18:20-19:50 730
ZHU SHANGHAI 12:40-13:40 1030 17:00-18:10 920
WANG QINGDAO 6:00-7:50 220 13:00-14:50 230
$$$$$$$$$$$
XU LINYI 12:00-13:50 230 18:40-20:00 160
LIU CHONGQING 11:40-13:10 630 17:00-18:50 620
ZHU SHANGHAI 9:40-10:55 880 13:30-14:50 830
WANG QINGDAO 6:00-7:50 220 13:00-14:50 230
$$$$$$$$$$$
XU LINYI 8:10-10:30 160 15:50-17:30 170
LIU CHONGQING 11:40-13:10 630 18:20-19:50 730
ZHU SHANGHAI 12:40-13:40 1030 13:30-14:50 830
WANG QINGDAO 6:00-7:50 220 13:00-14:50 230
$$$$$$$$$$$
XU LINYI 12:00-13:50 230 18:40-20:00 160
LIU CHONGQING 8:30-9:50 860 13:30-14:50 830
ZHU SHANGHAI 9:40-10:55 880 13:30-14:50 830
WANG QINGDAO 6:00-7:50 220 13:00-14:50 230
$$$$$$$$$$$
XU LINYI 12:00-13:50 230 18:40-20:00 160
LIU CHONGQING 11:40-13:10 630 17:00-18:50 620
ZHU SHANGHAI 9:40-10:55 880 13:30-14:50 830
WANG QINGDAO 6:00-7:50 220 13:00-14:50 230
$$$$$$$$$$$
XU LINYI 12:00-13:50 230 18:40-20:00 160
LIU CHONGQING 11:40-13:10 630 17:00-18:50 620
ZHU SHANGHAI 9:40-10:55 880 13:30-14:50 830
WANG QINGDAO 6:00-7:50 220 13:00-14:50 230
$$$$$$$$$$$
XU LINYI 12:00-13:50 230 18:40-20:00 160
LIU CHONGQING 11:40-13:10 630 17:00-18:50 620
ZHU SHANGHAI 9:40-10:55 880 17:00-18:10 920
WANG QINGDAO 6:00-7:50 220 13:00-14:50 230
$$$$$$$$$$$
XU LINYI 12:00-13:50 230 18:40-20:00 160
LIU CHONGQING 8:30-9:50 860 13:30-14:50 830
ZHU SHANGHAI 9:40-10:55 880 13:30-14:50 830
WANG QINGDAO 6:00-7:50 220 13:00-14:50 230
$$$$$$$$$$$
XU LINYI 12:00-13:50 230 18:40-20:00 160
LIU CHONGQING 8:30-9:50 860 13:30-14:50 830
ZHU SHANGHAI 9:40-10:55 880 13:30-14:50 830
WANG QINGDAO 6:00-7:50 220 13:00-14:50 230
###########
XU LINYI 8:10-10:30 160 12:00-14:50 130
LIU CHONGQING 6:10-7:50 620 17:00-18:50 620
ZHU SHANGHAI 8:30-9:50 860 9:35-10:35 1000
WANG QINGDAO 6:00-7:50 220 13:00-14:50 230
$$$$$$$$$$$
XU LINYI 12:00-13:50 230 18:40-20:00 160
LIU CHONGQING 8:30-9:50 860 13:30-14:50 830
ZHU SHANGHAI 9:40-10:55 880 13:30-14:50 830
WANG QINGDAO 6:00-7:50 220 13:00-14:50 230
$$$$$$$$$$$
XU LINYI 12:00-13:50 230 18:40-20:00 160
LIU CHONGQING 11:40-13:10 630 17:00-18:50 620
ZHU SHANGHAI 9:40-10:55 880 13:30-14:50 830
WANG QINGDAO 6:00-7:50 220 13:00-14:50 230
$$$$$$$$$$$
XU LINYI 12:00-13:50 230 18:40-20:00 160
LIU CHONGQING 8:30-9:50 860 13:30-14:50 830
ZHU SHANGHAI 9:40-10:55 880 13:30-14:50 830
WANG QINGDAO 6:00-7:50 220 13:00-14:50 230
$$$$$$$$$$$
XU LINYI 12:00-13:50 230 18:40-20:00 160
LIU CHONGQING 8:30-9:50 860 13:30-14:50 830
ZHU SHANGHAI 9:40-10:55 880 13:30-14:50 830
WANG QINGDAO 6:00-7:50 220 13:00-14:50 230
$$$$$$$$$$$
XU LINYI 12:00-13:50 230 18:40-20:00 160
LIU CHONGQING 8:30-9:50 860 13:30-14:50 830
ZHU SHANGHAI 9:40-10:55 880 13:30-14:50 830
WANG QINGDAO 6:00-7:50 220 13:00-14:50 230
###########
XU LINYI 6:30-8:50 150 8:50-10:55 170
LIU CHONGQING 6:10-7:50 620 17:00-18:50 620
ZHU SHANGHAI 8:30-9:50 860 13:30-14:50 830
WANG QINGDAO 6:00-7:50 220 13:00-14:50 230
###########
XU LINYI 8:10-10:30 160 12:00-14:50 130
LIU CHONGQING 6:10-7:50 620 17:00-18:50 620
ZHU SHANGHAI 8:30-9:50 860 13:30-14:50 830
WANG QINGDAO 6:00-7:50 220 9:30-10:55 270
###########
XU LINYI 8:10-10:30 160 12:00-14:50 130
LIU CHONGQING 6:10-7:50 620 17:00-18:50 620
ZHU SHANGHAI 8:30-9:50 860 13:30-14:50 830
WANG QINGDAO 6:00-7:50 220 9:30-10:55 270
###########
XU LINYI 8:10-10:30 160 12:00-14:50 130
LIU CHONGQING 6:10-7:50 620 17:00-18:50 620
ZHU SHANGHAI 8:30-9:50 860 13:30-14:50 830
WANG QINGDAO 6:00-7:50 220 9:30-10:55 270
###########
XU LINYI 8:10-10:30 160 8:50-10:55 170
LIU CHONGQING 6:10-7:50 620 17:00-18:50 620
ZHU SHANGHAI 8:30-9:50 860 13:30-14:50 830
WANG QINGDAO 6:00-7:50 220 13:00-14:50 230
###########
XU LINYI 8:10-10:30 160 8:50-10:55 170
LIU CHONGQING 6:10-7:50 620 17:00-18:50 620
ZHU SHANGHAI 8:30-9:50 860 13:30-14:50 830
WANG QINGDAO 6:00-7:50 220 13:00-14:50 230
###########
XU LINYI 8:10-10:30 160 8:50-10:55 170
LIU CHONGQING 6:10-7:50 620 17:00-18:50 620
ZHU SHANGHAI 8:30-9:50 860 13:30-14:50 830
WANG QINGDAO 6:00-7:50 220 13:00-14:50 230
###########
XU LINYI 6:30-8:50 150 8:50-10:55 170
LIU CHONGQING 6:10-7:50 620 17:00-18:50 620
ZHU SHANGHAI 7:10-8:20 920 13:30-14:50 830
WANG QINGDAO 6:00-7:50 220 13:00-14:50 230
###########
XU LINYI 8:10-10:30 160 12:00-14:50 130
LIU CHONGQING 6:10-7:50 620 17:00-18:50 620
ZHU SHANGHAI 8:30-9:50 860 9:35-10:35 1000
WANG QINGDAO 6:00-7:50 220 13:00-14:50 230
###########
XU LINYI 8:10-10:30 160 12:00-14:50 130
LIU CHONGQING 6:10-7:50 620 17:00-18:50 620
ZHU SHANGHAI 8:30-9:50 860 9:35-10:35 1000
WANG QINGDAO 8:00-9:30 260 13:00-14:50 230
###########
XU LINYI 6:30-8:50 150 12:00-14:50 130
LIU CHONGQING 6:10-7:50 620 17:00-18:50 620
ZHU SHANGHAI 8:30-9:50 860 9:35-10:35 1000
WANG QINGDAO 6:00-7:50 220 13:00-14:50 230
###########
XU LINYI 6:30-8:50 150 12:00-14:50 130
LIU CHONGQING 6:10-7:50 620 17:00-18:50 620
ZHU SHANGHAI 8:30-9:50 860 9:35-10:35 1000
WANG QINGDAO 6:00-7:50 220 13:00-14:50 230
###########
XU LINYI 6:30-8:50 150 12:00-14:50 130
LIU CHONGQING 6:10-7:50 620 17:00-18:50 620
ZHU SHANGHAI 8:30-9:50 860 13:30-14:50 830
WANG QINGDAO 6:00-7:50 220 9:30-10:55 270
###########
XU LINYI 6:30-8:50 150 8:50-10:55 170
LIU CHONGQING 6:10-7:50 620 17:00-18:50 620
ZHU SHANGHAI 7:10-8:20 920 13:30-14:50 830
WANG QINGDAO 6:00-7:50 220 13:00-14:50 230
###########
XU LINYI 6:30-8:50 150 8:50-10:55 170
LIU CHONGQING 6:10-7:50 620 17:00-18:50 620
ZHU SHANGHAI 7:10-8:20 920 13:30-14:50 830
WANG QINGDAO 6:00-7:50 220 13:00-14:50 230
###########
XU LINYI 6:30-8:50 150 8:50-10:55 170
LIU CHONGQING 6:10-7:50 620 17:00-18:50 620
ZHU SHANGHAI 7:10-8:20 920 13:30-14:50 830
WANG QINGDAO 6:00-7:50 220 13:00-14:50 230
###########
XU LINYI 6:30-8:50 150 8:50-10:55 170
LIU CHONGQING 6:10-7:50 620 17:00-18:50 620
ZHU SHANGHAI 7:10-8:20 920 13:30-14:50 830
WANG QINGDAO 6:00-7:50 220 13:00-14:50 230
###########
XU LINYI 6:30-8:50 150 8:50-10:55 170
LIU CHONGQING 6:10-7:50 620 17:00-18:50 620
ZHU SHANGHAI 7:10-8:20 920 13:30-14:50 830
WANG QINGDAO 6:00-7:50 220 13:00-14:50 230
###########
XU LINYI 6:30-8:50 150 8:50-10:55 170
LIU CHONGQING 6:10-7:50 620 17:00-18:50 620
ZHU SHANGHAI 7:10-8:20 920 13:30-14:50 830
WANG QINGDAO 6:00-7:50 220 13:00-14:50 230
###########
XU LINYI 6:30-8:50 150 8:50-10:55 170
LIU CHONGQING 6:10-7:50 620 17:00-18:50 620
ZHU SHANGHAI 7:10-8:20 920 13:30-14:50 830
WANG QINGDAO 6:00-7:50 220 13:00-14:50 230
###########
XU LINYI 6:30-8:50 150 8:50-10:55 170
LIU CHONGQING 6:10-7:50 620 17:00-18:50 620
ZHU SHANGHAI 7:10-8:20 920 13:30-14:50 830
WANG QINGDAO 6:00-7:50 220 13:00-14:50 230
###########
XU LINYI 6:30-8:50 150 8:50-10:55 170
LIU CHONGQING 6:10-7:50 620 17:00-18:50 620
ZHU SHANGHAI 7:10-8:20 920 13:30-14:50 830
WANG QINGDAO 6:00-7:50 220 13:00-14:50 230
###########
XU LINYI 6:30-8:50 150 8:50-10:55 170
LIU CHONGQING 6:10-7:50 620 17:00-18:50 620
ZHU SHANGHAI 7:10-8:20 920 13:30-14:50 830
WANG QINGDAO 6:00-7:50 220 13:00-14:50 230
###########
XU LINYI 6:30-8:50 150 8:50-10:55 170
LIU CHONGQING 6:10-7:50 620 17:00-18:50 620
ZHU SHANGHAI 7:10-8:20 920 13:30-14:50 830
WANG QINGDAO 6:00-7:50 220 13:00-14:50 230
###########
XU LINYI 6:30-8:50 150 8:50-10:55 170
LIU CHONGQING 6:10-7:50 620 17:00-18:50 620
ZHU SHANGHAI 7:10-8:20 920 13:30-14:50 830
WANG QINGDAO 6:00-7:50 220 13:00-14:50 230
###########
XU LINYI 6:30-8:50 150 8:50-10:55 170
LIU CHONGQING 6:10-7:50 620 17:00-18:50 620
ZHU SHANGHAI 7:10-8:20 920 13:30-14:50 830
WANG QINGDAO 6:00-7:50 220 13:00-14:50 230
###########
XU LINYI 6:30-8:50 150 8:50-10:55 170
LIU CHONGQING 6:10-7:50 620 17:00-18:50 620
ZHU SHANGHAI 7:10-8:20 920 13:30-14:50 830
WANG QINGDAO 6:00-7:50 220 13:00-14:50 230
###########
XU LINYI 6:30-8:50 150 8:50-10:55 170
LIU CHONGQING 6:10-7:50 620 17:00-18:50 620
ZHU SHANGHAI 7:10-8:20 920 13:30-14:50 830
WANG QINGDAO 6:00-7:50 220 13:00-14:50 230
###########
XU LINYI 6:30-8:50 150 8:50-10:55 170
LIU CHONGQING 6:10-7:50 620 17:00-18:50 620
ZHU SHANGHAI 7:10-8:20 920 13:30-14:50 830
WANG QINGDAO 6:00-7:50 220 13:00-14:50 230
###########
XU LINYI 6:30-8:50 150 8:50-10:55 170
LIU CHONGQING 6:10-7:50 620 17:00-18:50 620
ZHU SHANGHAI 7:10-8:20 920 13:30-14:50 830
WANG QINGDAO 6:00-7:50 220 13:00-14:50 230
###########
XU LINYI 6:30-8:50 150 8:50-10:55 170
LIU CHONGQING 6:10-7:50 620 17:00-18:50 620
ZHU SHANGHAI 7:10-8:20 920 13:30-14:50 830
WANG QINGDAO 6:00-7:50 220 13:00-14:50 230
###########
XU LINYI 6:30-8:50 150 8:50-10:55 170
LIU CHONGQING 6:10-7:50 620 17:00-18:50 620
ZHU SHANGHAI 7:10-8:20 920 13:30-14:50 830
WANG QINGDAO 6:00-7:50 220 13:00-14:50 230
###########
XU LINYI 6:30-8:50 150 8:50-10:55 170
LIU CHONGQING 6:10-7:50 620 17:00-18:50 620
ZHU SHANGHAI 7:10-8:20 920 13:30-14:50 830
WANG QINGDAO 6:00-7:50 220 13:00-14:50 230
###########
XU LINYI 6:30-8:50 150 8:50-10:55 170
LIU CHONGQING 6:10-7:50 620 17:00-18:50 620
ZHU SHANGHAI 7:10-8:20 920 13:30-14:50 830
WANG QINGDAO 6:00-7:50 220 13:00-14:50 230
###########
XU LINYI 6:30-8:50 150 8:50-10:55 170
LIU CHONGQING 6:10-7:50 620 17:00-18:50 620
ZHU SHANGHAI 7:10-8:20 920 13:30-14:50 830
WANG QINGDAO 6:00-7:50 220 13:00-14:50 230
###########
XU LINYI 6:30-8:50 150 8:50-10:55 170
LIU CHONGQING 6:10-7:50 620 17:00-18:50 620
ZHU SHANGHAI 7:10-8:20 920 13:30-14:50 830
WANG QINGDAO 6:00-7:50 220 13:00-14:50 230
###########
XU LINYI 6:30-8:50 150 8:50-10:55 170
LIU CHONGQING 6:10-7:50 620 17:00-18:50 620
ZHU SHANGHAI 7:10-8:20 920 13:30-14:50 830
WANG QINGDAO 6:00-7:50 220 13:00-14:50 230
###########
XU LINYI 6:30-8:50 150 8:50-10:55 170
LIU CHONGQING 6:10-7:50 620 17:00-18:50 620
ZHU SHANGHAI 7:10-8:20 920 13:30-14:50 830
WANG QINGDAO 6:00-7:50 220 13:00-14:50 230
###########
XU LINYI 6:30-8:50 150 8:50-10:55 170
LIU CHONGQING 6:10-7:50 620 17:00-18:50 620
ZHU SHANGHAI 7:10-8:20 920 13:30-14:50 830
WANG QINGDAO 6:00-7:50 220 13:00-14:50 230
###########
XU LINYI 6:30-8:50 150 8:50-10:55 170
LIU CHONGQING 6:10-7:50 620 17:00-18:50 620
ZHU SHANGHAI 7:10-8:20 920 13:30-14:50 830
WANG QINGDAO 6:00-7:50 220 13:00-14:50 230
###########
XU LINYI 6:30-8:50 150 8:50-10:55 170
LIU CHONGQING 6:10-7:50 620 17:00-18:50 620
ZHU SHANGHAI 7:10-8:20 920 13:30-14:50 830
WANG QINGDAO 6:00-7:50 220 13:00-14:50 230
###########
XU LINYI 6:30-8:50 150 8:50-10:55 170
LIU CHONGQING 6:10-7:50 620 17:00-18:50 620
ZHU SHANGHAI 7:10-8:20 920 13:30-14:50 830
WANG QINGDAO 6:00-7:50 220 13:00-14:50 230
###########
XU LINYI 6:30-8:50 150 8:50-10:55 170
LIU CHONGQING 6:10-7:50 620 17:00-18:50 620
ZHU SHANGHAI 7:10-8:20 920 13:30-14:50 830
WANG QINGDAO 6:00-7:50 220 13:00-14:50 230
###########
XU LINYI 6:30-8:50 150 8:50-10:55 170
LIU CHONGQING 6:10-7:50 620 17:00-18:50 620
ZHU SHANGHAI 7:10-8:20 920 13:30-14:50 830
WANG QINGDAO 6:00-7:50 220 13:00-14:50 230
###########
XU LINYI 6:30-8:50 150 8:50-10:55 170
LIU CHONGQING 6:10-7:50 620 17:00-18:50 620
ZHU SHANGHAI 7:10-8:20 920 13:30-14:50 830
WANG QINGDAO 6:00-7:50 220 13:00-14:50 230
###########
XU LINYI 6:30-8:50 150 8:50-10:55 170
LIU CHONGQING 6:10-7:50 620 17:00-18:50 620
ZHU SHANGHAI 7:10-8:20 920 13:30-14:50 830
WANG QINGDAO 6:00-7:50 220 13:00-14:50 230
###########
XU LINYI 6:30-8:50 150 8:50-10:55 170
LIU CHONGQING 6:10-7:50 620 17:00-18:50 620
ZHU SHANGHAI 7:10-8:20 920 13:30-14:50 830
WANG QINGDAO 6:00-7:50 220 13:00-14:50 230
###########
XU LINYI 6:30-8:50 150 8:50-10:55 170
LIU CHONGQING 6:10-7:50 620 17:00-18:50 620
ZHU SHANGHAI 7:10-8:20 920 13:30-14:50 830
WANG QINGDAO 6:00-7:50 220 13:00-14:50 230
###########
XU LINYI 6:30-8:50 150 8:50-10:55 170
LIU CHONGQING 6:10-7:50 620 17:00-18:50 620
ZHU SHANGHAI 7:10-8:20 920 13:30-14:50 830
WANG QINGDAO 6:00-7:50 220 13:00-14:50 230
###########
XU LINYI 6:30-8:50 150 8:50-10:55 170
LIU CHONGQING 6:10-7:50 620 17:00-18:50 620
ZHU SHANGHAI 7:10-8:20 920 13:30-14:50 830
WANG QINGDAO 6:00-7:50 220 13:00-14:50 230
###########
XU LINYI 6:30-8:50 150 8:50-10:55 170
LIU CHONGQING 6:10-7:50 620 17:00-18:50 620
ZHU SHANGHAI 7:10-8:20 920 13:30-14:50 830
WANG QINGDAO 6:00-7:50 220 13:00-14:50 230
